<?xml version="1.0" encoding="UTF-8"?>
<robot generator="Robot 4.1.2 (Python 3.10.1 on win32)" generated="20211210 16:19:53.655" rpa="false" schemaversion="2">
<suite id="s1" name="Novo" source="D:\CertifieldTechDeveloper\CTD_Codigos\CodigosBII\Testing\Aula21\novo.robot">
<test id="s1-t1" name="Processo de Compra na loja Sauce Demo">
<kw name="Abrir a loja" library="novo">
<kw name="Open Browser">
<arg>${SITE}</arg>
<arg>${NAVEGADOR}</arg>
<msg timestamp="20211210 16:19:53.698" level="FAIL">No keyword with name 'Open Browser' found.</msg>
<status status="FAIL" starttime="20211210 16:19:53.698" endtime="20211210 16:19:53.698"/>
</kw>
<status status="FAIL" starttime="20211210 16:19:53.696" endtime="20211210 16:19:53.699"/>
</kw>
<kw name="Fazer login" library="novo">
<status status="NOT RUN" starttime="20211210 16:19:53.699" endtime="20211210 16:19:53.699"/>
</kw>
<kw name="Selecionar um produto e adicionar no carrinho" library="novo">
<status status="NOT RUN" starttime="20211210 16:19:53.700" endtime="20211210 16:19:53.700"/>
</kw>
<kw name="Abrir o carrinho e clicar no botao chekout" library="novo">
<status status="NOT RUN" starttime="20211210 16:19:53.700" endtime="20211210 16:19:53.700"/>
</kw>
<kw name="Preencher dados do cliente e clicar no botao continue" library="novo">
<status status="NOT RUN" starttime="20211210 16:19:53.701" endtime="20211210 16:19:53.701"/>
</kw>
<kw name="Validar valor total da campra e clicar em Finish" library="novo">
<status status="NOT RUN" starttime="20211210 16:19:53.701" endtime="20211210 16:19:53.701"/>
</kw>
<kw name="Validar mensagem de compra finalizada" library="novo">
<status status="NOT RUN" starttime="20211210 16:19:53.701" endtime="20211210 16:19:53.701"/>
</kw>
<status status="FAIL" starttime="20211210 16:19:53.695" endtime="20211210 16:19:53.702">No keyword with name 'Open Browser' found.</status>
</test>
<status status="FAIL" starttime="20211210 16:19:53.656" endtime="20211210 16:19:53.703"/>
</suite>
<statistics>
<total>
<stat pass="0" fail="1" skip="0">All Tests</stat>
</total>
<tag>
</tag>
<suite>
<stat pass="0" fail="1" skip="0" id="s1" name="Novo">Novo</stat>
</suite>
</statistics>
<errors>
<msg timestamp="20211210 16:19:53.680" level="ERROR">Error in file 'D:\CertifieldTechDeveloper\CTD_Codigos\CodigosBII\Testing\Aula21\novo.robot' on line 2: Importing library 'SeleniumLibrary' failed: ModuleNotFoundError: No module named 'SeleniumLibrary'
Traceback (most recent call last):
  None
PYTHONPATH:
  C:\Users\wagne\AppData\Local\Programs\Python\Python310\Scripts\robot.exe
  C:\Users\wagne\AppData\Local\Programs\Python\Python310\python310.zip
  C:\Users\wagne\AppData\Local\Programs\Python\Python310\DLLs
  C:\Users\wagne\AppData\Local\Programs\Python\Python310\lib
  C:\Users\wagne\AppData\Local\Programs\Python\Python310
  C:\Users\wagne\AppData\Local\Programs\Python\Python310\lib\site-packages</msg>
</errors>
</robot>
